<?xml version="1.0" encoding="UTF-8"?>
<coverage generated="1572022299806" clover="3.2.0">
  <project timestamp="1572022299806" name="All files">
    <metrics statements="34" coveredstatements="21" conditionals="16" coveredconditionals="15" methods="2" coveredmethods="2" elements="52" coveredelements="38" complexity="0" loc="34" ncloc="34" packages="1" files="1" classes="1"/>
    <file name="rockPaperScissorsLogic.js" path="/Users/enrique.garcia/Documents/Skylab/skylab-partTimeFront-201909/staff/Kike/w05/rockPaperScissors/rockPaperScissorsLogic.js">
      <metrics statements="34" coveredstatements="21" conditionals="16" coveredconditionals="15" methods="2" coveredmethods="2"/>
      <line num="2" count="1" type="stmt"/>
      <line num="10" count="12" type="stmt"/>
      <line num="12" count="12" type="stmt"/>
      <line num="13" count="12" type="stmt"/>
      <line num="15" count="12" type="cond" truecount="2" falsecount="0"/>
      <line num="16" count="3" type="stmt"/>
      <line num="18" count="9" type="cond" truecount="1" falsecount="1"/>
      <line num="19" count="0" type="stmt"/>
      <line num="22" count="9" type="cond" truecount="3" falsecount="0"/>
      <line num="24" count="3" type="cond" truecount="3" falsecount="0"/>
      <line num="26" count="1" type="stmt"/>
      <line num="27" count="0" type="stmt"/>
      <line num="29" count="1" type="stmt"/>
      <line num="30" count="0" type="stmt"/>
      <line num="32" count="1" type="stmt"/>
      <line num="33" count="0" type="stmt"/>
      <line num="35" count="0" type="stmt"/>
      <line num="37" count="3" type="cond" truecount="3" falsecount="0"/>
      <line num="39" count="1" type="stmt"/>
      <line num="40" count="0" type="stmt"/>
      <line num="42" count="1" type="stmt"/>
      <line num="43" count="0" type="stmt"/>
      <line num="45" count="1" type="stmt"/>
      <line num="46" count="0" type="stmt"/>
      <line num="48" count="0" type="stmt"/>
      <line num="50" count="3" type="cond" truecount="3" falsecount="0"/>
      <line num="52" count="1" type="stmt"/>
      <line num="53" count="0" type="stmt"/>
      <line num="55" count="1" type="stmt"/>
      <line num="56" count="0" type="stmt"/>
      <line num="58" count="1" type="stmt"/>
      <line num="59" count="0" type="stmt"/>
      <line num="61" count="0" type="stmt"/>
      <line num="65" count="1" type="stmt"/>
    </file>
  </project>
</coverage>
