{"/Users/enrique.garcia/Documents/Skylab/skylab-partTimeFront-201909/staff/Kike/w05/rockPaperScissors/rockPaperScissorsLogic.js": {"path":"/Users/enrique.garcia/Documents/Skylab/skylab-partTimeFront-201909/staff/Kike/w05/rockPaperScissors/rockPaperScissorsLogic.js","statementMap":{"0":{"start":{"line":2,"column":4},"end":{"line":6,"column":5}},"1":{"start":{"line":10,"column":22},"end":{"line":10,"column":49}},"2":{"start":{"line":12,"column":19},"end":{"line":12,"column":46}},"3":{"start":{"line":13,"column":19},"end":{"line":13,"column":46}},"4":{"start":{"line":15,"column":4},"end":{"line":17,"column":5}},"5":{"start":{"line":16,"column":8},"end":{"line":16,"column":43}},"6":{"start":{"line":18,"column":4},"end":{"line":20,"column":5}},"7":{"start":{"line":19,"column":8},"end":{"line":19,"column":43}},"8":{"start":{"line":22,"column":4},"end":{"line":62,"column":5}},"9":{"start":{"line":24,"column":12},"end":{"line":34,"column":13}},"10":{"start":{"line":26,"column":20},"end":{"line":26,"column":37}},"11":{"start":{"line":27,"column":20},"end":{"line":27,"column":26}},"12":{"start":{"line":29,"column":20},"end":{"line":29,"column":35}},"13":{"start":{"line":30,"column":20},"end":{"line":30,"column":26}},"14":{"start":{"line":32,"column":20},"end":{"line":32,"column":35}},"15":{"start":{"line":33,"column":20},"end":{"line":33,"column":26}},"16":{"start":{"line":35,"column":12},"end":{"line":35,"column":18}},"17":{"start":{"line":37,"column":12},"end":{"line":47,"column":13}},"18":{"start":{"line":39,"column":20},"end":{"line":39,"column":35}},"19":{"start":{"line":40,"column":20},"end":{"line":40,"column":26}},"20":{"start":{"line":42,"column":20},"end":{"line":42,"column":37}},"21":{"start":{"line":43,"column":20},"end":{"line":43,"column":26}},"22":{"start":{"line":45,"column":20},"end":{"line":45,"column":35}},"23":{"start":{"line":46,"column":20},"end":{"line":46,"column":26}},"24":{"start":{"line":48,"column":12},"end":{"line":48,"column":18}},"25":{"start":{"line":50,"column":12},"end":{"line":60,"column":13}},"26":{"start":{"line":52,"column":20},"end":{"line":52,"column":35}},"27":{"start":{"line":53,"column":20},"end":{"line":53,"column":26}},"28":{"start":{"line":55,"column":20},"end":{"line":55,"column":35}},"29":{"start":{"line":56,"column":20},"end":{"line":56,"column":26}},"30":{"start":{"line":58,"column":20},"end":{"line":58,"column":37}},"31":{"start":{"line":59,"column":20},"end":{"line":59,"column":26}},"32":{"start":{"line":61,"column":12},"end":{"line":61,"column":18}},"33":{"start":{"line":65,"column":0},"end":{"line":68,"column":1}}},"fnMap":{"0":{"name":"initGame","decl":{"start":{"line":1,"column":9},"end":{"line":1,"column":17}},"loc":{"start":{"line":1,"column":20},"end":{"line":7,"column":1}},"line":1},"1":{"name":"play","decl":{"start":{"line":9,"column":9},"end":{"line":9,"column":13}},"loc":{"start":{"line":9,"column":28},"end":{"line":63,"column":1}},"line":9}},"branchMap":{"0":{"loc":{"start":{"line":15,"column":4},"end":{"line":17,"column":5}},"type":"if","locations":[{"start":{"line":15,"column":4},"end":{"line":17,"column":5}},{"start":{"line":15,"column":4},"end":{"line":17,"column":5}}],"line":15},"1":{"loc":{"start":{"line":18,"column":4},"end":{"line":20,"column":5}},"type":"if","locations":[{"start":{"line":18,"column":4},"end":{"line":20,"column":5}},{"start":{"line":18,"column":4},"end":{"line":20,"column":5}}],"line":18},"2":{"loc":{"start":{"line":22,"column":4},"end":{"line":62,"column":5}},"type":"switch","locations":[{"start":{"line":23,"column":8},"end":{"line":35,"column":18}},{"start":{"line":36,"column":8},"end":{"line":48,"column":18}},{"start":{"line":49,"column":8},"end":{"line":61,"column":18}}],"line":22},"3":{"loc":{"start":{"line":24,"column":12},"end":{"line":34,"column":13}},"type":"switch","locations":[{"start":{"line":25,"column":16},"end":{"line":27,"column":26}},{"start":{"line":28,"column":16},"end":{"line":30,"column":26}},{"start":{"line":31,"column":16},"end":{"line":33,"column":26}}],"line":24},"4":{"loc":{"start":{"line":37,"column":12},"end":{"line":47,"column":13}},"type":"switch","locations":[{"start":{"line":38,"column":16},"end":{"line":40,"column":26}},{"start":{"line":41,"column":16},"end":{"line":43,"column":26}},{"start":{"line":44,"column":16},"end":{"line":46,"column":26}}],"line":37},"5":{"loc":{"start":{"line":50,"column":12},"end":{"line":60,"column":13}},"type":"switch","locations":[{"start":{"line":51,"column":16},"end":{"line":53,"column":26}},{"start":{"line":54,"column":16},"end":{"line":56,"column":26}},{"start":{"line":57,"column":16},"end":{"line":59,"column":26}}],"line":50}},"s":{"0":1,"1":12,"2":12,"3":12,"4":12,"5":3,"6":9,"7":0,"8":9,"9":3,"10":1,"11":0,"12":1,"13":0,"14":1,"15":0,"16":0,"17":3,"18":1,"19":0,"20":1,"21":0,"22":1,"23":0,"24":0,"25":3,"26":1,"27":0,"28":1,"29":0,"30":1,"31":0,"32":0,"33":1},"f":{"0":1,"1":12},"b":{"0":[3,9],"1":[0,9],"2":[3,3,3],"3":[1,1,1],"4":[1,1,1],"5":[1,1,1]},"_coverageSchema":"43e27e138ebf9cfc5966b082cf9a028302ed4184","hash":"0cb54eca673baedb0ae67f8868165d6d139a7379"}
}
