TN:
SF:/Users/enrique.garcia/Documents/Skylab/skylab-partTimeFront-201909/staff/Kike/w05/rockPaperScissors/rockPaperScissorsLogic.js
FN:1,initGame
FN:9,play
FNF:2
FNH:2
FNDA:1,initGame
FNDA:12,play
DA:2,1
DA:10,12
DA:12,12
DA:13,12
DA:15,12
DA:16,3
DA:18,9
DA:19,0
DA:22,9
DA:24,3
DA:26,1
DA:27,0
DA:29,1
DA:30,0
DA:32,1
DA:33,0
DA:35,0
DA:37,3
DA:39,1
DA:40,0
DA:42,1
DA:43,0
DA:45,1
DA:46,0
DA:48,0
DA:50,3
DA:52,1
DA:53,0
DA:55,1
DA:56,0
DA:58,1
DA:59,0
DA:61,0
DA:65,1
LF:34
LH:21
BRDA:15,0,0,3
BRDA:15,0,1,9
BRDA:18,1,0,0
BRDA:18,1,1,9
BRDA:22,2,0,3
BRDA:22,2,1,3
BRDA:22,2,2,3
BRDA:24,3,0,1
BRDA:24,3,1,1
BRDA:24,3,2,1
BRDA:37,4,0,1
BRDA:37,4,1,1
BRDA:37,4,2,1
BRDA:50,5,0,1
BRDA:50,5,1,1
BRDA:50,5,2,1
BRF:16
BRH:15
end_of_record
