{"C:\\Users\\Eugenio_2\\Dropbox\\SkylabCoders\\Skylab\\skylab-partTimeFront-201909\\staff\\eugenio\\week5\\rockPaperScissors\\rockPaperScissorsLogic.js": {"path":"C:\\Users\\Eugenio_2\\Dropbox\\SkylabCoders\\Skylab\\skylab-partTimeFront-201909\\staff\\eugenio\\week5\\rockPaperScissors\\rockPaperScissorsLogic.js","statementMap":{"0":{"start":{"line":2,"column":2},"end":{"line":8,"column":3}},"1":{"start":{"line":12,"column":11},"end":{"line":16,"column":1}},"2":{"start":{"line":18,"column":12},"end":{"line":18,"column":42}},"3":{"start":{"line":22,"column":2},"end":{"line":24,"column":3}},"4":{"start":{"line":23,"column":4},"end":{"line":23,"column":17}},"5":{"start":{"line":25,"column":2},"end":{"line":25,"column":14}},"6":{"start":{"line":29,"column":2},"end":{"line":30,"column":48}},"7":{"start":{"line":29,"column":28},"end":{"line":29,"column":43}},"8":{"start":{"line":30,"column":7},"end":{"line":30,"column":48}},"9":{"start":{"line":30,"column":33},"end":{"line":30,"column":48}},"10":{"start":{"line":31,"column":2},"end":{"line":31,"column":15}},"11":{"start":{"line":35,"column":2},"end":{"line":42,"column":4}},"12":{"start":{"line":36,"column":3},"end":{"line":42,"column":4}},"13":{"start":{"line":43,"column":15},"end":{"line":43,"column":38}},"14":{"start":{"line":44,"column":2},"end":{"line":68,"column":3}},"15":{"start":{"line":45,"column":4},"end":{"line":51,"column":5}},"16":{"start":{"line":52,"column":9},"end":{"line":68,"column":3}},"17":{"start":{"line":53,"column":4},"end":{"line":59,"column":5}},"18":{"start":{"line":61,"column":4},"end":{"line":67,"column":5}},"19":{"start":{"line":97,"column":0},"end":{"line":100,"column":1}}},"fnMap":{"0":{"name":"initGame","decl":{"start":{"line":1,"column":9},"end":{"line":1,"column":17}},"loc":{"start":{"line":1,"column":19},"end":{"line":10,"column":1}},"line":1},"1":{"name":"areValidHands","decl":{"start":{"line":21,"column":9},"end":{"line":21,"column":22}},"loc":{"start":{"line":21,"column":36},"end":{"line":26,"column":1}},"line":21},"2":{"name":"checkPlay","decl":{"start":{"line":28,"column":9},"end":{"line":28,"column":18}},"loc":{"start":{"line":28,"column":32},"end":{"line":32,"column":1}},"line":28},"3":{"name":"play","decl":{"start":{"line":34,"column":9},"end":{"line":34,"column":13}},"loc":{"start":{"line":34,"column":38},"end":{"line":69,"column":1}},"line":34}},"branchMap":{"0":{"loc":{"start":{"line":22,"column":2},"end":{"line":24,"column":3}},"type":"if","locations":[{"start":{"line":22,"column":2},"end":{"line":24,"column":3}},{"start":{"line":22,"column":2},"end":{"line":24,"column":3}}],"line":22},"1":{"loc":{"start":{"line":22,"column":5},"end":{"line":22,"column":53}},"type":"binary-expr","locations":[{"start":{"line":22,"column":5},"end":{"line":22,"column":27}},{"start":{"line":22,"column":31},"end":{"line":22,"column":53}}],"line":22},"2":{"loc":{"start":{"line":29,"column":2},"end":{"line":30,"column":48}},"type":"if","locations":[{"start":{"line":29,"column":2},"end":{"line":30,"column":48}},{"start":{"line":29,"column":2},"end":{"line":30,"column":48}}],"line":29},"3":{"loc":{"start":{"line":30,"column":7},"end":{"line":30,"column":48}},"type":"if","locations":[{"start":{"line":30,"column":7},"end":{"line":30,"column":48}},{"start":{"line":30,"column":7},"end":{"line":30,"column":48}}],"line":30},"4":{"loc":{"start":{"line":35,"column":2},"end":{"line":42,"column":4}},"type":"if","locations":[{"start":{"line":35,"column":2},"end":{"line":42,"column":4}},{"start":{"line":35,"column":2},"end":{"line":42,"column":4}}],"line":35},"5":{"loc":{"start":{"line":44,"column":2},"end":{"line":68,"column":3}},"type":"if","locations":[{"start":{"line":44,"column":2},"end":{"line":68,"column":3}},{"start":{"line":44,"column":2},"end":{"line":68,"column":3}}],"line":44},"6":{"loc":{"start":{"line":52,"column":9},"end":{"line":68,"column":3}},"type":"if","locations":[{"start":{"line":52,"column":9},"end":{"line":68,"column":3}},{"start":{"line":52,"column":9},"end":{"line":68,"column":3}}],"line":52}},"s":{"0":1,"1":1,"2":1,"3":5,"4":1,"5":4,"6":4,"7":1,"8":3,"9":1,"10":2,"11":5,"12":1,"13":4,"14":4,"15":2,"16":2,"17":1,"18":1,"19":1},"f":{"0":1,"1":5,"2":4,"3":5},"b":{"0":[1,4],"1":[5,4],"2":[1,3],"3":[1,2],"4":[1,4],"5":[2,2],"6":[1,1]},"_coverageSchema":"43e27e138ebf9cfc5966b082cf9a028302ed4184","hash":"095fc9876c832344d4dc4e230182d38ed1a9ec2b"}
}
