TN:
SF:C:\Users\Eugenio_2\Dropbox\SkylabCoders\Skylab\skylab-partTimeFront-201909\staff\eugenio\week5\rockPaperScissors\rockPaperScissorsLogic.js
FN:1,initGame
FN:21,areValidHands
FN:28,checkPlay
FN:34,play
FNF:4
FNH:4
FNDA:1,initGame
FNDA:5,areValidHands
FNDA:4,checkPlay
FNDA:5,play
DA:2,1
DA:12,1
DA:18,1
DA:22,5
DA:23,1
DA:25,4
DA:29,4
DA:30,3
DA:31,2
DA:35,5
DA:36,1
DA:43,4
DA:44,4
DA:45,2
DA:52,2
DA:53,1
DA:61,1
DA:97,1
LF:18
LH:18
BRDA:22,0,0,1
BRDA:22,0,1,4
BRDA:22,1,0,5
BRDA:22,1,1,4
BRDA:29,2,0,1
BRDA:29,2,1,3
BRDA:30,3,0,1
BRDA:30,3,1,2
BRDA:35,4,0,1
BRDA:35,4,1,4
BRDA:44,5,0,2
BRDA:44,5,1,2
BRDA:52,6,0,1
BRDA:52,6,1,1
BRF:14
BRH:14
end_of_record
