<?xml version="1.0" encoding="UTF-8"?>
<coverage generated="1572022360089" clover="3.2.0">
  <project timestamp="1572022360089" name="All files">
    <metrics statements="17" coveredstatements="15" conditionals="10" coveredconditionals="8" methods="4" coveredmethods="4" elements="31" coveredelements="27" complexity="0" loc="17" ncloc="17" packages="1" files="1" classes="1"/>
    <file name="rockpaperscissorLogic.js" path="C:\Users\ivand\OneDrive\Desktop\skylab-partTimeFront-201909\staff\ivan\week5\rockpaperscissors\rockpaperscissorLogic.js">
      <metrics statements="17" coveredstatements="15" conditionals="10" coveredconditionals="8" methods="4" coveredmethods="4"/>
      <line num="1" count="1" type="stmt"/>
      <line num="2" count="1" type="stmt"/>
      <line num="5" count="1" type="stmt"/>
      <line num="11" count="1" type="stmt"/>
      <line num="13" count="1" type="stmt"/>
      <line num="14" count="3" type="cond" truecount="3" falsecount="1"/>
      <line num="15" count="0" type="stmt"/>
      <line num="17" count="3" type="stmt"/>
      <line num="20" count="1" type="stmt"/>
      <line num="21" count="3" type="cond" truecount="2" falsecount="0"/>
      <line num="22" count="2" type="cond" truecount="2" falsecount="0"/>
      <line num="23" count="1" type="stmt"/>
      <line num="26" count="1" type="stmt"/>
      <line num="27" count="3" type="cond" truecount="1" falsecount="1"/>
      <line num="28" count="0" type="stmt"/>
      <line num="30" count="3" type="stmt"/>
      <line num="33" count="1" type="stmt"/>
    </file>
  </project>
</coverage>
