{"C:\\Users\\ivand\\OneDrive\\Desktop\\skylab-partTimeFront-201909\\staff\\ivan\\week5\\rockpaperscissors\\rockpaperscissorLogic.js": {"path":"C:\\Users\\ivand\\OneDrive\\Desktop\\skylab-partTimeFront-201909\\staff\\ivan\\week5\\rockpaperscissors\\rockpaperscissorLogic.js","statementMap":{"0":{"start":{"line":1,"column":15},"end":{"line":3,"column":1}},"1":{"start":{"line":2,"column":4},"end":{"line":2,"column":44}},"2":{"start":{"line":5,"column":11},"end":{"line":9,"column":1}},"3":{"start":{"line":11,"column":12},"end":{"line":11,"column":39}},"4":{"start":{"line":13,"column":20},"end":{"line":18,"column":1}},"5":{"start":{"line":14,"column":4},"end":{"line":16,"column":5}},"6":{"start":{"line":15,"column":8},"end":{"line":15,"column":21}},"7":{"start":{"line":17,"column":4},"end":{"line":17,"column":16}},"8":{"start":{"line":20,"column":16},"end":{"line":24,"column":1}},"9":{"start":{"line":21,"column":4},"end":{"line":22,"column":48}},"10":{"start":{"line":21,"column":28},"end":{"line":21,"column":43}},"11":{"start":{"line":22,"column":9},"end":{"line":22,"column":48}},"12":{"start":{"line":22,"column":33},"end":{"line":22,"column":48}},"13":{"start":{"line":23,"column":4},"end":{"line":23,"column":17}},"14":{"start":{"line":26,"column":11},"end":{"line":31,"column":1}},"15":{"start":{"line":27,"column":4},"end":{"line":29,"column":5}},"16":{"start":{"line":28,"column":8},"end":{"line":28,"column":24}},"17":{"start":{"line":30,"column":4},"end":{"line":30,"column":44}},"18":{"start":{"line":33,"column":0},"end":{"line":33,"column":33}}},"fnMap":{"0":{"name":"(anonymous_0)","decl":{"start":{"line":1,"column":15},"end":{"line":1,"column":16}},"loc":{"start":{"line":1,"column":25},"end":{"line":3,"column":1}},"line":1},"1":{"name":"(anonymous_1)","decl":{"start":{"line":13,"column":20},"end":{"line":13,"column":21}},"loc":{"start":{"line":13,"column":41},"end":{"line":18,"column":1}},"line":13},"2":{"name":"(anonymous_2)","decl":{"start":{"line":20,"column":16},"end":{"line":20,"column":17}},"loc":{"start":{"line":20,"column":37},"end":{"line":24,"column":1}},"line":20},"3":{"name":"(anonymous_3)","decl":{"start":{"line":26,"column":11},"end":{"line":26,"column":12}},"loc":{"start":{"line":26,"column":42},"end":{"line":31,"column":1}},"line":26}},"branchMap":{"0":{"loc":{"start":{"line":14,"column":4},"end":{"line":16,"column":5}},"type":"if","locations":[{"start":{"line":14,"column":4},"end":{"line":16,"column":5}},{"start":{"line":14,"column":4},"end":{"line":16,"column":5}}],"line":14},"1":{"loc":{"start":{"line":14,"column":7},"end":{"line":14,"column":55}},"type":"binary-expr","locations":[{"start":{"line":14,"column":7},"end":{"line":14,"column":29}},{"start":{"line":14,"column":33},"end":{"line":14,"column":55}}],"line":14},"2":{"loc":{"start":{"line":21,"column":4},"end":{"line":22,"column":48}},"type":"if","locations":[{"start":{"line":21,"column":4},"end":{"line":22,"column":48}},{"start":{"line":21,"column":4},"end":{"line":22,"column":48}}],"line":21},"3":{"loc":{"start":{"line":22,"column":9},"end":{"line":22,"column":48}},"type":"if","locations":[{"start":{"line":22,"column":9},"end":{"line":22,"column":48}},{"start":{"line":22,"column":9},"end":{"line":22,"column":48}}],"line":22},"4":{"loc":{"start":{"line":27,"column":4},"end":{"line":29,"column":5}},"type":"if","locations":[{"start":{"line":27,"column":4},"end":{"line":29,"column":5}},{"start":{"line":27,"column":4},"end":{"line":29,"column":5}}],"line":27}},"s":{"0":1,"1":1,"2":1,"3":1,"4":1,"5":3,"6":0,"7":3,"8":1,"9":3,"10":1,"11":2,"12":1,"13":1,"14":1,"15":3,"16":0,"17":3,"18":1},"f":{"0":1,"1":3,"2":3,"3":3},"b":{"0":[0,3],"1":[3,3],"2":[1,2],"3":[1,1],"4":[0,3]},"_coverageSchema":"43e27e138ebf9cfc5966b082cf9a028302ed4184","hash":"3df355051d09bad9770b9ad5a2fce0db8340566f"}
}
