TN:
SF:C:\Users\ivand\OneDrive\Desktop\skylab-partTimeFront-201909\staff\ivan\week5\rockpaperscissors\rockpaperscissorLogic.js
FN:1,(anonymous_0)
FN:13,(anonymous_1)
FN:20,(anonymous_2)
FN:26,(anonymous_3)
FNF:4
FNH:4
FNDA:1,(anonymous_0)
FNDA:3,(anonymous_1)
FNDA:3,(anonymous_2)
FNDA:3,(anonymous_3)
DA:1,1
DA:2,1
DA:5,1
DA:11,1
DA:13,1
DA:14,3
DA:15,0
DA:17,3
DA:20,1
DA:21,3
DA:22,2
DA:23,1
DA:26,1
DA:27,3
DA:28,0
DA:30,3
DA:33,1
LF:17
LH:15
BRDA:14,0,0,0
BRDA:14,0,1,3
BRDA:14,1,0,3
BRDA:14,1,1,3
BRDA:21,2,0,1
BRDA:21,2,1,2
BRDA:22,3,0,1
BRDA:22,3,1,1
BRDA:27,4,0,0
BRDA:27,4,1,3
BRF:10
BRH:8
end_of_record
