<?xml version="1.0" encoding="UTF-8"?>
<coverage generated="1572089268226" clover="3.2.0">
  <project timestamp="1572089268226" name="All files">
    <metrics statements="16" coveredstatements="16" conditionals="10" coveredconditionals="10" methods="4" coveredmethods="4" elements="30" coveredelements="30" complexity="0" loc="16" ncloc="16" packages="1" files="1" classes="1"/>
    <file name="rockPaperScissorsLogic.js" path="C:\Users\Sandra\Desktop\skylab\skylab-partTimeFront-201909\staff\Sandra\week5\rockPaperScissors\rockPaperScissorsLogic.js">
      <metrics statements="16" coveredstatements="16" conditionals="10" coveredconditionals="10" methods="4" coveredmethods="4"/>
      <line num="2" count="11" type="stmt"/>
      <line num="9" count="11" type="stmt"/>
      <line num="12" count="1" type="stmt"/>
      <line num="18" count="1" type="stmt"/>
      <line num="21" count="9" type="cond" truecount="4" falsecount="0"/>
      <line num="22" count="2" type="stmt"/>
      <line num="24" count="7" type="stmt"/>
      <line num="28" count="7" type="cond" truecount="2" falsecount="0"/>
      <line num="29" count="3" type="stmt"/>
      <line num="37" count="4" type="cond" truecount="2" falsecount="0"/>
      <line num="38" count="3" type="stmt"/>
      <line num="47" count="1" type="stmt"/>
      <line num="57" count="9" type="cond" truecount="2" falsecount="0"/>
      <line num="58" count="2" type="stmt"/>
      <line num="66" count="7" type="stmt"/>
      <line num="70" count="1" type="stmt"/>
    </file>
  </project>
</coverage>
