<?xml version="1.0" encoding="UTF-8"?>
<coverage generated="1572022333759" clover="3.2.0">
  <project timestamp="1572022333759" name="All files">
    <metrics statements="22" coveredstatements="12" conditionals="24" coveredconditionals="9" methods="5" coveredmethods="4" elements="51" coveredelements="25" complexity="0" loc="22" ncloc="22" packages="1" files="1" classes="1"/>
    <file name="rockPaperScissorsLogic.js" path="C:\Users\Sandra\Desktop\skylab\skylab-partTimeFront-201909\staff\Sandra\week5\rockPaperScissors\rockPaperScissorsLogic.js">
      <metrics statements="22" coveredstatements="12" conditionals="24" coveredconditionals="9" methods="5" coveredmethods="4"/>
      <line num="2" count="1" type="stmt"/>
      <line num="9" count="1" type="stmt"/>
      <line num="12" count="1" type="stmt"/>
      <line num="18" count="1" type="stmt"/>
      <line num="21" count="8" type="cond" truecount="4" falsecount="0"/>
      <line num="22" count="2" type="stmt"/>
      <line num="24" count="6" type="stmt"/>
      <line num="28" count="6" type="cond" truecount="2" falsecount="0"/>
      <line num="29" count="3" type="cond" truecount="1" falsecount="1"/>
      <line num="31" count="0" type="stmt"/>
      <line num="35" count="8" type="cond" truecount="2" falsecount="0"/>
      <line num="36" count="6" type="stmt"/>
      <line num="40" count="0" type="stmt"/>
      <line num="41" count="0" type="stmt"/>
      <line num="43" count="0" type="cond" truecount="0" falsecount="4"/>
      <line num="44" count="0" type="cond" truecount="0" falsecount="2"/>
      <line num="45" count="0" type="stmt"/>
      <line num="46" count="0" type="cond" truecount="0" falsecount="8"/>
      <line num="49" count="0" type="stmt"/>
      <line num="52" count="0" type="stmt"/>
      <line num="55" count="0" type="stmt"/>
      <line num="59" count="1" type="stmt"/>
    </file>
  </project>
</coverage>
