{"C:\\Users\\Sandra\\Desktop\\skylab\\skylab-partTimeFront-201909\\staff\\Sandra\\week5\\rockPaperScissors\\rockPaperScissorsLogic.js": {"path":"C:\\Users\\Sandra\\Desktop\\skylab\\skylab-partTimeFront-201909\\staff\\Sandra\\week5\\rockPaperScissors\\rockPaperScissorsLogic.js","statementMap":{"0":{"start":{"line":2,"column":15},"end":{"line":8,"column":5}},"1":{"start":{"line":9,"column":4},"end":{"line":9,"column":16}},"2":{"start":{"line":12,"column":11},"end":{"line":16,"column":1}},"3":{"start":{"line":18,"column":12},"end":{"line":18,"column":39}},"4":{"start":{"line":21,"column":4},"end":{"line":23,"column":5}},"5":{"start":{"line":22,"column":8},"end":{"line":22,"column":21}},"6":{"start":{"line":24,"column":4},"end":{"line":24,"column":16}},"7":{"start":{"line":28,"column":4},"end":{"line":29,"column":51}},"8":{"start":{"line":28,"column":31},"end":{"line":28,"column":46}},"9":{"start":{"line":29,"column":9},"end":{"line":29,"column":51}},"10":{"start":{"line":29,"column":36},"end":{"line":29,"column":51}},"11":{"start":{"line":31,"column":4},"end":{"line":31,"column":16}},"12":{"start":{"line":35,"column":3},"end":{"line":35,"column":51}},"13":{"start":{"line":35,"column":36},"end":{"line":35,"column":51}},"14":{"start":{"line":36,"column":4},"end":{"line":36,"column":35}},"15":{"start":{"line":40,"column":17},"end":{"line":40,"column":24}},"16":{"start":{"line":41,"column":16},"end":{"line":41,"column":43}},"17":{"start":{"line":43,"column":4},"end":{"line":53,"column":5}},"18":{"start":{"line":44,"column":8},"end":{"line":50,"column":9}},"19":{"start":{"line":45,"column":12},"end":{"line":45,"column":28}},"20":{"start":{"line":46,"column":14},"end":{"line":50,"column":9}},"21":{"start":{"line":49,"column":12},"end":{"line":49,"column":29}},"22":{"start":{"line":52,"column":8},"end":{"line":52,"column":33}},"23":{"start":{"line":55,"column":4},"end":{"line":55,"column":18}},"24":{"start":{"line":59,"column":0},"end":{"line":62,"column":1}}},"fnMap":{"0":{"name":"initGame","decl":{"start":{"line":1,"column":9},"end":{"line":1,"column":17}},"loc":{"start":{"line":1,"column":19},"end":{"line":10,"column":1}},"line":1},"1":{"name":"areValidHands","decl":{"start":{"line":20,"column":9},"end":{"line":20,"column":22}},"loc":{"start":{"line":20,"column":35},"end":{"line":25,"column":1}},"line":20},"2":{"name":"checkPlay","decl":{"start":{"line":27,"column":9},"end":{"line":27,"column":18}},"loc":{"start":{"line":27,"column":31},"end":{"line":32,"column":1}},"line":27},"3":{"name":"play","decl":{"start":{"line":34,"column":9},"end":{"line":34,"column":13}},"loc":{"start":{"line":34,"column":26},"end":{"line":37,"column":1}},"line":34},"4":{"name":"play2","decl":{"start":{"line":39,"column":9},"end":{"line":39,"column":14}},"loc":{"start":{"line":39,"column":27},"end":{"line":56,"column":1}},"line":39}},"branchMap":{"0":{"loc":{"start":{"line":21,"column":4},"end":{"line":23,"column":5}},"type":"if","locations":[{"start":{"line":21,"column":4},"end":{"line":23,"column":5}},{"start":{"line":21,"column":4},"end":{"line":23,"column":5}}],"line":21},"1":{"loc":{"start":{"line":21,"column":8},"end":{"line":21,"column":56}},"type":"binary-expr","locations":[{"start":{"line":21,"column":8},"end":{"line":21,"column":30}},{"start":{"line":21,"column":34},"end":{"line":21,"column":56}}],"line":21},"2":{"loc":{"start":{"line":28,"column":4},"end":{"line":29,"column":51}},"type":"if","locations":[{"start":{"line":28,"column":4},"end":{"line":29,"column":51}},{"start":{"line":28,"column":4},"end":{"line":29,"column":51}}],"line":28},"3":{"loc":{"start":{"line":29,"column":9},"end":{"line":29,"column":51}},"type":"if","locations":[{"start":{"line":29,"column":9},"end":{"line":29,"column":51}},{"start":{"line":29,"column":9},"end":{"line":29,"column":51}}],"line":29},"4":{"loc":{"start":{"line":35,"column":3},"end":{"line":35,"column":51}},"type":"if","locations":[{"start":{"line":35,"column":3},"end":{"line":35,"column":51}},{"start":{"line":35,"column":3},"end":{"line":35,"column":51}}],"line":35},"5":{"loc":{"start":{"line":43,"column":4},"end":{"line":53,"column":5}},"type":"if","locations":[{"start":{"line":43,"column":4},"end":{"line":53,"column":5}},{"start":{"line":43,"column":4},"end":{"line":53,"column":5}}],"line":43},"6":{"loc":{"start":{"line":43,"column":8},"end":{"line":43,"column":54}},"type":"binary-expr","locations":[{"start":{"line":43,"column":8},"end":{"line":43,"column":29}},{"start":{"line":43,"column":33},"end":{"line":43,"column":54}}],"line":43},"7":{"loc":{"start":{"line":44,"column":8},"end":{"line":50,"column":9}},"type":"if","locations":[{"start":{"line":44,"column":8},"end":{"line":50,"column":9}},{"start":{"line":44,"column":8},"end":{"line":50,"column":9}}],"line":44},"8":{"loc":{"start":{"line":46,"column":14},"end":{"line":50,"column":9}},"type":"if","locations":[{"start":{"line":46,"column":14},"end":{"line":50,"column":9}},{"start":{"line":46,"column":14},"end":{"line":50,"column":9}}],"line":46},"9":{"loc":{"start":{"line":46,"column":17},"end":{"line":48,"column":55}},"type":"binary-expr","locations":[{"start":{"line":46,"column":18},"end":{"line":46,"column":35}},{"start":{"line":46,"column":39},"end":{"line":46,"column":59}},{"start":{"line":47,"column":17},"end":{"line":47,"column":37}},{"start":{"line":47,"column":41},"end":{"line":47,"column":57}},{"start":{"line":48,"column":17},"end":{"line":48,"column":33}},{"start":{"line":48,"column":37},"end":{"line":48,"column":54}}],"line":46}},"s":{"0":1,"1":1,"2":1,"3":1,"4":8,"5":2,"6":6,"7":6,"8":3,"9":3,"10":3,"11":0,"12":8,"13":2,"14":6,"15":0,"16":0,"17":0,"18":0,"19":0,"20":0,"21":0,"22":0,"23":0,"24":1},"f":{"0":1,"1":8,"2":6,"3":8,"4":0},"b":{"0":[2,6],"1":[8,7],"2":[3,3],"3":[3,0],"4":[2,6],"5":[0,0],"6":[0,0],"7":[0,0],"8":[0,0],"9":[0,0,0,0,0,0]},"_coverageSchema":"43e27e138ebf9cfc5966b082cf9a028302ed4184","hash":"67ba671c443a18d4151dbf8e92336efd476590b8"}
}
