{"C:\\Users\\Sandra\\Desktop\\skylab\\skylab-partTimeFront-201909\\staff\\Sandra\\week5\\rockPaperScissors\\rockPaperScissorsLogic.js": {"path":"C:\\Users\\Sandra\\Desktop\\skylab\\skylab-partTimeFront-201909\\staff\\Sandra\\week5\\rockPaperScissors\\rockPaperScissorsLogic.js","statementMap":{"0":{"start":{"line":2,"column":15},"end":{"line":8,"column":5}},"1":{"start":{"line":9,"column":4},"end":{"line":9,"column":16}},"2":{"start":{"line":12,"column":11},"end":{"line":16,"column":1}},"3":{"start":{"line":18,"column":12},"end":{"line":18,"column":39}},"4":{"start":{"line":21,"column":4},"end":{"line":23,"column":5}},"5":{"start":{"line":22,"column":8},"end":{"line":22,"column":21}},"6":{"start":{"line":24,"column":4},"end":{"line":24,"column":16}},"7":{"start":{"line":28,"column":4},"end":{"line":45,"column":5}},"8":{"start":{"line":29,"column":8},"end":{"line":35,"column":9}},"9":{"start":{"line":37,"column":9},"end":{"line":45,"column":5}},"10":{"start":{"line":38,"column":8},"end":{"line":44,"column":9}},"11":{"start":{"line":47,"column":4},"end":{"line":53,"column":5}},"12":{"start":{"line":57,"column":3},"end":{"line":65,"column":4}},"13":{"start":{"line":58,"column":4},"end":{"line":64,"column":5}},"14":{"start":{"line":66,"column":4},"end":{"line":66,"column":46}},"15":{"start":{"line":70,"column":0},"end":{"line":73,"column":1}}},"fnMap":{"0":{"name":"initGame","decl":{"start":{"line":1,"column":9},"end":{"line":1,"column":17}},"loc":{"start":{"line":1,"column":19},"end":{"line":10,"column":1}},"line":1},"1":{"name":"areValidHands","decl":{"start":{"line":20,"column":9},"end":{"line":20,"column":22}},"loc":{"start":{"line":20,"column":36},"end":{"line":25,"column":1}},"line":20},"2":{"name":"checkPlay","decl":{"start":{"line":27,"column":9},"end":{"line":27,"column":18}},"loc":{"start":{"line":27,"column":43},"end":{"line":54,"column":1}},"line":27},"3":{"name":"play","decl":{"start":{"line":56,"column":9},"end":{"line":56,"column":13}},"loc":{"start":{"line":56,"column":38},"end":{"line":67,"column":1}},"line":56}},"branchMap":{"0":{"loc":{"start":{"line":21,"column":4},"end":{"line":23,"column":5}},"type":"if","locations":[{"start":{"line":21,"column":4},"end":{"line":23,"column":5}},{"start":{"line":21,"column":4},"end":{"line":23,"column":5}}],"line":21},"1":{"loc":{"start":{"line":21,"column":8},"end":{"line":21,"column":56}},"type":"binary-expr","locations":[{"start":{"line":21,"column":8},"end":{"line":21,"column":30}},{"start":{"line":21,"column":34},"end":{"line":21,"column":56}}],"line":21},"2":{"loc":{"start":{"line":28,"column":4},"end":{"line":45,"column":5}},"type":"if","locations":[{"start":{"line":28,"column":4},"end":{"line":45,"column":5}},{"start":{"line":28,"column":4},"end":{"line":45,"column":5}}],"line":28},"3":{"loc":{"start":{"line":37,"column":9},"end":{"line":45,"column":5}},"type":"if","locations":[{"start":{"line":37,"column":9},"end":{"line":45,"column":5}},{"start":{"line":37,"column":9},"end":{"line":45,"column":5}}],"line":37},"4":{"loc":{"start":{"line":57,"column":3},"end":{"line":65,"column":4}},"type":"if","locations":[{"start":{"line":57,"column":3},"end":{"line":65,"column":4}},{"start":{"line":57,"column":3},"end":{"line":65,"column":4}}],"line":57}},"s":{"0":11,"1":11,"2":1,"3":1,"4":9,"5":2,"6":7,"7":7,"8":3,"9":4,"10":3,"11":1,"12":9,"13":2,"14":7,"15":1},"f":{"0":11,"1":9,"2":7,"3":9},"b":{"0":[2,7],"1":[9,8],"2":[3,4],"3":[3,1],"4":[2,7]},"_coverageSchema":"43e27e138ebf9cfc5966b082cf9a028302ed4184","hash":"da597c777e2d017361b6dfe5cb37a7e75342513f"}
}
