TN:
SF:C:\Users\Sandra\Desktop\skylab\skylab-partTimeFront-201909\staff\Sandra\week5\rockPaperScissors\rockPaperScissorsLogic.js
FN:1,initGame
FN:20,areValidHands
FN:27,checkPlay
FN:56,play
FNF:4
FNH:4
FNDA:11,initGame
FNDA:9,areValidHands
FNDA:7,checkPlay
FNDA:9,play
DA:2,11
DA:9,11
DA:12,1
DA:18,1
DA:21,9
DA:22,2
DA:24,7
DA:28,7
DA:29,3
DA:37,4
DA:38,3
DA:47,1
DA:57,9
DA:58,2
DA:66,7
DA:70,1
LF:16
LH:16
BRDA:21,0,0,2
BRDA:21,0,1,7
BRDA:21,1,0,9
BRDA:21,1,1,8
BRDA:28,2,0,3
BRDA:28,2,1,4
BRDA:37,3,0,3
BRDA:37,3,1,1
BRDA:57,4,0,2
BRDA:57,4,1,7
BRF:10
BRH:10
end_of_record
