TN:
SF:C:\Users\Sandra\Desktop\skylab\skylab-partTimeFront-201909\staff\Sandra\week5\rockPaperScissors\rockPaperScissorsLogic.js
FN:1,initGame
FN:20,areValidHands
FN:27,checkPlay
FN:34,play
FN:39,play2
FNF:5
FNH:4
FNDA:1,initGame
FNDA:8,areValidHands
FNDA:6,checkPlay
FNDA:8,play
FNDA:0,play2
DA:2,1
DA:9,1
DA:12,1
DA:18,1
DA:21,8
DA:22,2
DA:24,6
DA:28,6
DA:29,3
DA:31,0
DA:35,8
DA:36,6
DA:40,0
DA:41,0
DA:43,0
DA:44,0
DA:45,0
DA:46,0
DA:49,0
DA:52,0
DA:55,0
DA:59,1
LF:22
LH:12
BRDA:21,0,0,2
BRDA:21,0,1,6
BRDA:21,1,0,8
BRDA:21,1,1,7
BRDA:28,2,0,3
BRDA:28,2,1,3
BRDA:29,3,0,3
BRDA:29,3,1,0
BRDA:35,4,0,2
BRDA:35,4,1,6
BRDA:43,5,0,0
BRDA:43,5,1,0
BRDA:43,6,0,0
BRDA:43,6,1,0
BRDA:44,7,0,0
BRDA:44,7,1,0
BRDA:46,8,0,0
BRDA:46,8,1,0
BRDA:46,9,0,0
BRDA:46,9,1,0
BRDA:46,9,2,0
BRDA:46,9,3,0
BRDA:46,9,4,0
BRDA:46,9,5,0
BRF:24
BRH:9
end_of_record
